<?xml version="1.0" encoding="UTF-8"?>
<!-- Generated by org.testng.reporters.JUnitXMLReporter -->
<testsuite hostname="HP" ignored="0" name="SmokeTestGroup" tests="4" failures="2" timestamp="30 Aug 2019 13:16:44 GMT" time="43.743" errors="0">
  <testcase name="testValidLogin" time="15.034" classname="scripts.TestValidLogin">
    <failure type="org.openqa.selenium.TimeoutException" message="Expected condition failed: waiting for title to be &amp;quot;actiTIME - Enter Time-Track123&amp;quot;. Current title: &amp;quot;actiTIME - Enter Time-Track&amp;quot; (tried for 5 second(s) with 500 milliseconds interval)
Build info: version: &amp;apos;3.141.59&amp;apos;, revision: &amp;apos;e82be7d358&amp;apos;, time: &amp;apos;2018-11-14T08:25:53&amp;apos;
System info: host: &amp;apos;HP&amp;apos;, ip: &amp;apos;192.168.253.1&amp;apos;, os.name: &amp;apos;Windows 10&amp;apos;, os.arch: &amp;apos;amd64&amp;apos;, os.version: &amp;apos;10.0&amp;apos;, java.version: &amp;apos;1.8.0_161&amp;apos;
Driver info: org.openqa.selenium.chrome.ChromeDriver
Capabilities {acceptInsecureCerts: false, browserName: chrome, browserVersion: 76.0.3809.132, chrome: {chromedriverVersion: 75.0.3770.90 (a6dcaf7e3ec6f..., userDataDir: C:\Users\HPWORL~1\AppData\L...}, goog:chromeOptions: {debuggerAddress: localhost:50989}, javascriptEnabled: true, networkConnectionEnabled: false, pageLoadStrategy: normal, platform: XP, platformName: XP, proxy: Proxy(), setWindowRect: true, strictFileInteractability: false, timeouts: {implicit: 0, pageLoad: 300000, script: 30000}, unhandledPromptBehavior: dismiss and notify}
Session ID: c654e79974dff3e931ec9e6a24167372">
      <![CDATA[org.openqa.selenium.TimeoutException: Expected condition failed: waiting for title to be "actiTIME - Enter Time-Track123". Current title: "actiTIME - Enter Time-Track" (tried for 5 second(s) with 500 milliseconds interval)
Build info: version: '3.141.59', revision: 'e82be7d358', time: '2018-11-14T08:25:53'
System info: host: 'HP', ip: '192.168.253.1', os.name: 'Windows 10', os.arch: 'amd64', os.version: '10.0', java.version: '1.8.0_161'
Driver info: org.openqa.selenium.chrome.ChromeDriver
Capabilities {acceptInsecureCerts: false, browserName: chrome, browserVersion: 76.0.3809.132, chrome: {chromedriverVersion: 75.0.3770.90 (a6dcaf7e3ec6f..., userDataDir: C:\Users\HPWORL~1\AppData\L...}, goog:chromeOptions: {debuggerAddress: localhost:50989}, javascriptEnabled: true, networkConnectionEnabled: false, pageLoadStrategy: normal, platform: XP, platformName: XP, proxy: Proxy(), setWindowRect: true, strictFileInteractability: false, timeouts: {implicit: 0, pageLoad: 300000, script: 30000}, unhandledPromptBehavior: dismiss and notify}
Session ID: c654e79974dff3e931ec9e6a24167372
at org.openqa.selenium.support.ui.WebDriverWait.timeoutException(WebDriverWait.java:95)
at org.openqa.selenium.support.ui.FluentWait.until(FluentWait.java:272)
at scripts.TestValidLogin.testValidLogin(TestValidLogin.java:35)
... Removed 25 stack frames]]>
    </failure>
  </testcase> <!-- testValidLogin -->
  <testcase name="testInvalidLogin" time="5.933" classname="scripts.TestInvalidLogin"/>
  <testcase name="createUser" time="0.018" classname="scripts.Demo">
    <failure type="java.lang.AssertionError" message="Intentionally failed this createuser method. expected [true] but found [false]">
      <![CDATA[java.lang.AssertionError: Intentionally failed this createuser method. expected [true] but found [false]
at scripts.Demo.createUser(Demo.java:9)
... Removed 28 stack frames]]>
    </failure>
  </testcase> <!-- createUser -->
  <testcase name="deleteUser" time="0.0" classname="scripts.Demo">
    <skipped/>
  </testcase> <!-- deleteUser -->
</testsuite> <!-- SmokeTestGroup -->
